0 verbose cli /apex/com.android.runtime/bin/linker64 /data/data/com.termux/files/usr/bin/npm
1 info using npm@11.4.2
2 info using node@v24.4.1
3 silly config load:file:/data/data/com.termux/files/usr/lib/node_modules/npm/npmrc
4 warn Unknown env config "head". This will stop working in the next major version of npm.
5 silly config load:file:/data/data/com.termux/files/home/.npmrc
6 warn Unknown user config "HEAD". This will stop working in the next major version of npm.
7 warn Unknown user config "b52c5e01b (Push all project files to main)". This will stop working in the next major version of npm.
8 silly config load:file:/data/data/com.termux/files/usr/etc/npmrc
9 verbose title npm run rebuild
10 verbose argv "run" "rebuild"
11 verbose logfile logs-max:10 dir:/data/data/com.termux/files/home/.npm/_logs/2025-07-22T01_53_56_687Z-
12 verbose logfile /data/data/com.termux/files/home/.npm/_logs/2025-07-22T01_53_56_687Z-debug-0.log
13 silly logfile start cleaning logs, removing 1 files
14 silly logfile done cleaning log files
15 verbose cwd /data/data/com.termux/files/usr/lib/node_modules/firebase-tools/node_modules/re2
16 verbose os Linux 5.10.226-android12-9-00047-g4968e29b7f92-ab12786767
17 verbose node v24.4.1
18 verbose npm  v11.4.2
19 verbose exit 1
20 verbose code 1
