0 verbose cli /apex/com.android.runtime/bin/linker64 /data/data/com.termux/files/usr/bin/npm
1 info using npm@11.4.2
2 info using node@v24.4.1
3 silly config load:file:/data/data/com.termux/files/usr/lib/node_modules/npm/npmrc
4 silly config load:file:/data/data/com.termux/files/home/.npmrc
5 warn Unknown user config "HEAD". This will stop working in the next major version of npm.
6 warn Unknown user config "b52c5e01b (Push all project files to main)". This will stop working in the next major version of npm.
7 silly config load:file:/data/data/com.termux/files/usr/etc/npmrc
8 verbose title npm install node-gyp
9 verbose argv "install" "--global" "node-gyp"
10 verbose logfile logs-max:10 dir:/data/data/com.termux/files/home/.npm/_logs/2025-07-22T00_37_54_466Z-
11 verbose logfile /data/data/com.termux/files/home/.npm/_logs/2025-07-22T00_37_54_466Z-debug-0.log
12 silly packumentCache heap:1174405120 maxSize:293601280 maxEntrySize:146800640
13 silly logfile start cleaning logs, removing 1 files
14 silly logfile done cleaning log files
15 silly idealTree buildDeps
16 silly fetch manifest node-gyp@*
17 silly packumentCache full:https://registry.npmjs.org/node-gyp cache-miss
18 http fetch GET 200 https://registry.npmjs.org/node-gyp 1703ms (cache miss)
19 silly packumentCache full:https://registry.npmjs.org/node-gyp set size:undefined disposed:false
20 silly placeDep ROOT node-gyp@11.2.0 OK for:  want: *
21 silly fetch manifest env-paths@^2.2.0
22 silly packumentCache full:https://registry.npmjs.org/env-paths cache-miss
23 silly fetch manifest exponential-backoff@^3.1.1
24 silly packumentCache full:https://registry.npmjs.org/exponential-backoff cache-miss
25 silly fetch manifest graceful-fs@^4.2.6
26 silly packumentCache full:https://registry.npmjs.org/graceful-fs cache-miss
27 silly fetch manifest make-fetch-happen@^14.0.3
28 silly packumentCache full:https://registry.npmjs.org/make-fetch-happen cache-miss
29 silly fetch manifest nopt@^8.0.0
30 silly packumentCache full:https://registry.npmjs.org/nopt cache-miss
31 silly fetch manifest proc-log@^5.0.0
32 silly packumentCache full:https://registry.npmjs.org/proc-log cache-miss
33 silly fetch manifest semver@^7.3.5
34 silly packumentCache full:https://registry.npmjs.org/semver cache-miss
35 http fetch GET 200 https://registry.npmjs.org/exponential-backoff 487ms (cache miss)
36 silly packumentCache full:https://registry.npmjs.org/exponential-backoff set size:undefined disposed:false
37 silly fetch manifest tar@^7.4.3
38 silly packumentCache full:https://registry.npmjs.org/tar cache-miss
39 http fetch GET 200 https://registry.npmjs.org/graceful-fs 747ms (cache revalidated)
40 silly packumentCache full:https://registry.npmjs.org/graceful-fs set size:124285 disposed:false
41 silly fetch manifest tinyglobby@^0.2.12
42 silly packumentCache full:https://registry.npmjs.org/tinyglobby cache-miss
43 http fetch GET 200 https://registry.npmjs.org/semver 756ms (cache revalidated)
44 silly packumentCache full:https://registry.npmjs.org/semver set size:224186 disposed:false
45 silly fetch manifest which@^5.0.0
46 silly packumentCache full:https://registry.npmjs.org/which cache-miss
47 http fetch GET 200 https://registry.npmjs.org/tar 302ms (cache miss)
48 silly packumentCache full:https://registry.npmjs.org/tar set size:undefined disposed:false
49 http fetch GET 200 https://registry.npmjs.org/tinyglobby 221ms (cache revalidated)
50 silly packumentCache full:https://registry.npmjs.org/tinyglobby set size:49873 disposed:false
51 http fetch GET 200 https://registry.npmjs.org/proc-log 979ms (cache miss)
52 silly packumentCache full:https://registry.npmjs.org/proc-log set size:undefined disposed:false
53 http fetch GET 200 https://registry.npmjs.org/nopt 986ms (cache miss)
54 silly packumentCache full:https://registry.npmjs.org/nopt set size:undefined disposed:false
55 http fetch GET 200 https://registry.npmjs.org/which 384ms (cache revalidated)
56 silly packumentCache full:https://registry.npmjs.org/which set size:62722 disposed:false
57 http fetch GET 200 https://registry.npmjs.org/env-paths 1229ms (cache revalidated)
58 silly packumentCache full:https://registry.npmjs.org/env-paths set size:25456 disposed:false
59 http fetch GET 200 https://registry.npmjs.org/make-fetch-happen 1676ms (cache miss)
60 silly packumentCache full:https://registry.npmjs.org/make-fetch-happen set size:undefined disposed:false
61 silly placeDep node_modules/node-gyp env-paths@2.2.1 OK for: node-gyp@11.2.0 want: ^2.2.0
62 silly placeDep node_modules/node-gyp exponential-backoff@3.1.2 OK for: node-gyp@11.2.0 want: ^3.1.1
63 silly placeDep node_modules/node-gyp graceful-fs@4.2.11 OK for: node-gyp@11.2.0 want: ^4.2.6
64 silly placeDep node_modules/node-gyp make-fetch-happen@14.0.3 OK for: node-gyp@11.2.0 want: ^14.0.3
65 silly placeDep node_modules/node-gyp nopt@8.1.0 OK for: node-gyp@11.2.0 want: ^8.0.0
66 silly placeDep node_modules/node-gyp proc-log@5.0.0 OK for: node-gyp@11.2.0 want: ^5.0.0
67 silly placeDep node_modules/node-gyp semver@7.7.2 OK for: node-gyp@11.2.0 want: ^7.3.5
68 silly placeDep node_modules/node-gyp tar@7.4.3 OK for: node-gyp@11.2.0 want: ^7.4.3
69 silly placeDep node_modules/node-gyp tinyglobby@0.2.14 OK for: node-gyp@11.2.0 want: ^0.2.12
70 silly placeDep node_modules/node-gyp which@5.0.0 OK for: node-gyp@11.2.0 want: ^5.0.0
71 silly fetch manifest ssri@^12.0.0
72 silly packumentCache full:https://registry.npmjs.org/ssri cache-miss
73 silly fetch manifest cacache@^19.0.1
74 silly packumentCache full:https://registry.npmjs.org/cacache cache-miss
75 silly fetch manifest minipass@^7.0.2
76 silly packumentCache full:https://registry.npmjs.org/minipass cache-miss
77 silly fetch manifest negotiator@^1.0.0
78 silly packumentCache full:https://registry.npmjs.org/negotiator cache-miss
79 silly fetch manifest @npmcli/agent@^3.0.0
80 silly packumentCache full:https://registry.npmjs.org/@npmcli%2fagent cache-miss
81 silly fetch manifest promise-retry@^2.0.1
82 silly packumentCache full:https://registry.npmjs.org/promise-retry cache-miss
83 silly fetch manifest minipass-fetch@^4.0.0
84 silly packumentCache full:https://registry.npmjs.org/minipass-fetch cache-miss
85 http fetch GET 200 https://registry.npmjs.org/ssri 399ms (cache miss)
86 silly packumentCache full:https://registry.npmjs.org/ssri set size:undefined disposed:false
87 silly fetch manifest minipass-flush@^1.0.5
88 silly packumentCache full:https://registry.npmjs.org/minipass-flush cache-miss
89 http fetch GET 200 https://registry.npmjs.org/minipass-fetch 430ms (cache miss)
90 silly packumentCache full:https://registry.npmjs.org/minipass-fetch set size:undefined disposed:false
91 silly fetch manifest minipass-pipeline@^1.2.4
92 silly packumentCache full:https://registry.npmjs.org/minipass-pipeline cache-miss
93 http fetch GET 200 https://registry.npmjs.org/cacache 464ms (cache miss)
94 silly packumentCache full:https://registry.npmjs.org/cacache set size:undefined disposed:false
95 silly fetch manifest http-cache-semantics@^4.1.1
96 silly packumentCache full:https://registry.npmjs.org/http-cache-semantics cache-miss
97 http fetch GET 200 https://registry.npmjs.org/negotiator 479ms (cache miss)
98 silly packumentCache full:https://registry.npmjs.org/negotiator set size:undefined disposed:false
99 silly fetch manifest abbrev@^3.0.0
100 silly packumentCache full:https://registry.npmjs.org/abbrev cache-miss
101 http fetch GET 200 https://registry.npmjs.org/promise-retry 492ms (cache miss)
102 silly packumentCache full:https://registry.npmjs.org/promise-retry set size:undefined disposed:false
103 silly fetch manifest @isaacs/fs-minipass@^4.0.0
104 silly packumentCache full:https://registry.npmjs.org/@isaacs%2ffs-minipass cache-miss
105 http fetch GET 200 https://registry.npmjs.org/@isaacs%2ffs-minipass 189ms (cache miss)
106 silly packumentCache full:https://registry.npmjs.org/@isaacs%2ffs-minipass set size:undefined disposed:false
107 silly fetch manifest chownr@^3.0.0
108 silly packumentCache full:https://registry.npmjs.org/chownr cache-miss
109 http fetch GET 200 https://registry.npmjs.org/http-cache-semantics 216ms (cache miss)
110 silly packumentCache full:https://registry.npmjs.org/http-cache-semantics set size:undefined disposed:false
111 silly fetch manifest minipass@^7.1.2
112 silly packumentCache full:https://registry.npmjs.org/minipass cache-miss
113 http fetch GET 200 https://registry.npmjs.org/@npmcli%2fagent 695ms (cache miss)
114 silly packumentCache full:https://registry.npmjs.org/@npmcli%2fagent set size:undefined disposed:false
115 silly fetch manifest minizlib@^3.0.1
116 silly packumentCache full:https://registry.npmjs.org/minizlib cache-miss
117 http fetch GET 200 https://registry.npmjs.org/minipass-pipeline 361ms (cache miss)
118 silly packumentCache full:https://registry.npmjs.org/minipass-pipeline set size:undefined disposed:false
119 silly fetch manifest mkdirp@^3.0.1
120 silly packumentCache full:https://registry.npmjs.org/mkdirp cache-miss
121 http fetch GET 200 https://registry.npmjs.org/minipass-flush 407ms (cache miss)
122 silly packumentCache full:https://registry.npmjs.org/minipass-flush set size:undefined disposed:false
123 silly fetch manifest yallist@^5.0.0
124 silly packumentCache full:https://registry.npmjs.org/yallist cache-miss
125 http fetch GET 200 https://registry.npmjs.org/abbrev 357ms (cache miss)
126 silly packumentCache full:https://registry.npmjs.org/abbrev set size:undefined disposed:false
127 silly fetch manifest fdir@^6.4.4
128 silly packumentCache full:https://registry.npmjs.org/fdir cache-miss
129 http fetch GET 200 https://registry.npmjs.org/chownr 194ms (cache miss)
130 silly packumentCache full:https://registry.npmjs.org/chownr set size:undefined disposed:false
131 silly fetch manifest picomatch@^4.0.2
132 silly packumentCache full:https://registry.npmjs.org/picomatch cache-miss
133 http fetch GET 200 https://registry.npmjs.org/minizlib 189ms (cache miss)
134 silly packumentCache full:https://registry.npmjs.org/minizlib set size:undefined disposed:false
135 silly fetch manifest isexe@^3.1.1
136 silly packumentCache full:https://registry.npmjs.org/isexe cache-miss
137 http fetch GET 200 https://registry.npmjs.org/minipass 337ms (cache miss)
138 silly packumentCache full:https://registry.npmjs.org/minipass set size:undefined disposed:false
139 http fetch GET 200 https://registry.npmjs.org/yallist 224ms (cache revalidated)
140 silly packumentCache full:https://registry.npmjs.org/yallist set size:34610 disposed:false
141 http fetch GET 200 https://registry.npmjs.org/mkdirp 274ms (cache miss)
142 silly packumentCache full:https://registry.npmjs.org/mkdirp set size:undefined disposed:false
143 http fetch GET 200 https://registry.npmjs.org/fdir 243ms (cache revalidated)
144 silly packumentCache full:https://registry.npmjs.org/fdir set size:133091 disposed:false
145 http fetch GET 200 https://registry.npmjs.org/picomatch 205ms (cache revalidated)
146 silly packumentCache full:https://registry.npmjs.org/picomatch set size:118818 disposed:false
147 http fetch GET 200 https://registry.npmjs.org/isexe 345ms (cache revalidated)
148 silly packumentCache full:https://registry.npmjs.org/isexe set size:19340 disposed:false
149 http fetch GET 200 https://registry.npmjs.org/minipass 1533ms (cache miss)
150 silly packumentCache full:https://registry.npmjs.org/minipass set size:undefined disposed:false
151 silly placeDep node_modules/node-gyp @npmcli/agent@3.0.0 OK for: make-fetch-happen@14.0.3 want: ^3.0.0
152 silly placeDep node_modules/node-gyp cacache@19.0.1 OK for: make-fetch-happen@14.0.3 want: ^19.0.1
153 silly placeDep node_modules/node-gyp http-cache-semantics@4.2.0 OK for: make-fetch-happen@14.0.3 want: ^4.1.1
154 silly placeDep node_modules/node-gyp minipass@7.1.2 OK for: make-fetch-happen@14.0.3 want: ^7.0.2
155 silly placeDep node_modules/node-gyp minipass-fetch@4.0.1 OK for: make-fetch-happen@14.0.3 want: ^4.0.0
156 silly placeDep node_modules/node-gyp minipass-flush@1.0.5 OK for: make-fetch-happen@14.0.3 want: ^1.0.5
157 silly placeDep node_modules/node-gyp minipass-pipeline@1.2.4 OK for: make-fetch-happen@14.0.3 want: ^1.2.4
158 silly placeDep node_modules/node-gyp negotiator@1.0.0 OK for: make-fetch-happen@14.0.3 want: ^1.0.0
159 silly placeDep node_modules/node-gyp promise-retry@2.0.1 OK for: make-fetch-happen@14.0.3 want: ^2.0.1
160 silly placeDep node_modules/node-gyp ssri@12.0.0 OK for: make-fetch-happen@14.0.3 want: ^12.0.0
161 silly fetch manifest lru-cache@^10.0.1
162 silly packumentCache full:https://registry.npmjs.org/lru-cache cache-miss
163 silly fetch manifest agent-base@^7.1.0
164 silly packumentCache full:https://registry.npmjs.org/agent-base cache-miss
165 silly fetch manifest http-proxy-agent@^7.0.0
166 silly packumentCache full:https://registry.npmjs.org/http-proxy-agent cache-miss
167 silly fetch manifest https-proxy-agent@^7.0.1
168 silly packumentCache full:https://registry.npmjs.org/https-proxy-agent cache-miss
169 silly fetch manifest socks-proxy-agent@^8.0.3
170 silly packumentCache full:https://registry.npmjs.org/socks-proxy-agent cache-miss
171 silly fetch manifest glob@^10.2.2
172 silly packumentCache full:https://registry.npmjs.org/glob cache-miss
173 silly fetch manifest p-map@^7.0.2
174 silly packumentCache full:https://registry.npmjs.org/p-map cache-miss
175 http fetch GET 200 https://registry.npmjs.org/glob 190ms (cache revalidated)
176 silly packumentCache full:https://registry.npmjs.org/glob set size:408718 disposed:false
177 silly fetch manifest minipass@^7.0.3
178 silly packumentCache full:https://registry.npmjs.org/minipass cache-miss
179 http fetch GET 200 https://registry.npmjs.org/lru-cache 209ms (cache revalidated)
180 silly packumentCache full:https://registry.npmjs.org/lru-cache set size:391063 disposed:false
181 silly fetch manifest @npmcli/fs@^4.0.0
182 silly packumentCache full:https://registry.npmjs.org/@npmcli%2ffs cache-miss
183 http cache https://registry.npmjs.org/minipass 26ms (cache hit)
184 silly packumentCache full:https://registry.npmjs.org/minipass set size:490195 disposed:false
185 silly fetch manifest fs-minipass@^3.0.0
186 silly packumentCache full:https://registry.npmjs.org/fs-minipass cache-miss
187 http fetch GET 200 https://registry.npmjs.org/p-map 378ms (cache revalidated)
188 silly packumentCache full:https://registry.npmjs.org/p-map set size:50464 disposed:false
189 silly fetch manifest unique-filename@^4.0.0
190 silly packumentCache full:https://registry.npmjs.org/unique-filename cache-miss
191 http fetch GET 200 https://registry.npmjs.org/https-proxy-agent 389ms (cache revalidated)
192 silly packumentCache full:https://registry.npmjs.org/https-proxy-agent set size:76222 disposed:false
193 silly fetch manifest minipass-collect@^2.0.1
194 silly packumentCache full:https://registry.npmjs.org/minipass-collect cache-miss
195 http fetch GET 200 https://registry.npmjs.org/agent-base 396ms (cache revalidated)
196 silly packumentCache full:https://registry.npmjs.org/agent-base set size:67460 disposed:false
197 silly fetch manifest minipass-sized@^1.0.3
198 silly packumentCache full:https://registry.npmjs.org/minipass-sized cache-miss
199 http fetch GET 200 https://registry.npmjs.org/socks-proxy-agent 405ms (cache miss)
200 silly packumentCache full:https://registry.npmjs.org/socks-proxy-agent set size:undefined disposed:false
201 silly fetch manifest encoding@^0.1.13
202 silly packumentCache full:https://registry.npmjs.org/encoding cache-miss
203 http fetch GET 200 https://registry.npmjs.org/http-proxy-agent 707ms (cache revalidated)
204 silly packumentCache full:https://registry.npmjs.org/http-proxy-agent set size:50096 disposed:false
205 silly fetch manifest minipass@^3.0.0
206 silly packumentCache full:https://registry.npmjs.org/minipass cache-hit
207 silly fetch manifest err-code@^2.0.2
208 silly packumentCache full:https://registry.npmjs.org/err-code cache-miss
209 http fetch GET 200 https://registry.npmjs.org/unique-filename 345ms (cache miss)
210 silly packumentCache full:https://registry.npmjs.org/unique-filename set size:undefined disposed:false
211 silly fetch manifest retry@^0.12.0
212 silly packumentCache full:https://registry.npmjs.org/retry cache-miss
213 http fetch GET 200 https://registry.npmjs.org/@npmcli%2ffs 519ms (cache miss)
214 silly packumentCache full:https://registry.npmjs.org/@npmcli%2ffs set size:undefined disposed:false
215 http fetch GET 200 https://registry.npmjs.org/minipass-sized 342ms (cache miss)
216 silly packumentCache full:https://registry.npmjs.org/minipass-sized set size:undefined disposed:false
217 http fetch GET 200 https://registry.npmjs.org/minipass-collect 350ms (cache miss)
218 silly packumentCache full:https://registry.npmjs.org/minipass-collect set size:undefined disposed:false
219 http fetch GET 200 https://registry.npmjs.org/encoding 384ms (cache revalidated)
220 silly packumentCache full:https://registry.npmjs.org/encoding set size:17833 disposed:false
221 http fetch GET 200 https://registry.npmjs.org/retry 175ms (cache revalidated)
222 silly packumentCache full:https://registry.npmjs.org/retry set size:31161 disposed:false
223 http fetch GET 200 https://registry.npmjs.org/fs-minipass 802ms (cache miss)
224 silly packumentCache full:https://registry.npmjs.org/fs-minipass set size:undefined disposed:false
225 http fetch GET 200 https://registry.npmjs.org/err-code 333ms (cache miss)
226 silly packumentCache full:https://registry.npmjs.org/err-code set size:undefined disposed:false
227 silly placeDep node_modules/node-gyp agent-base@7.1.4 OK for: @npmcli/agent@3.0.0 want: ^7.1.0
228 silly placeDep node_modules/node-gyp http-proxy-agent@7.0.2 OK for: @npmcli/agent@3.0.0 want: ^7.0.0
229 silly placeDep node_modules/node-gyp https-proxy-agent@7.0.6 OK for: @npmcli/agent@3.0.0 want: ^7.0.1
230 silly placeDep node_modules/node-gyp lru-cache@10.4.3 OK for: @npmcli/agent@3.0.0 want: ^10.0.1
231 silly placeDep node_modules/node-gyp socks-proxy-agent@8.0.5 OK for: @npmcli/agent@3.0.0 want: ^8.0.3
232 silly fetch manifest debug@^4.3.4
233 silly packumentCache full:https://registry.npmjs.org/debug cache-miss
234 silly fetch manifest debug@4
235 silly packumentCache full:https://registry.npmjs.org/debug cache-miss
236 silly fetch manifest debug@^4.3.4
237 silly packumentCache full:https://registry.npmjs.org/debug cache-miss
238 silly fetch manifest socks@^2.8.3
239 silly packumentCache full:https://registry.npmjs.org/socks cache-miss
240 http fetch GET 200 https://registry.npmjs.org/debug 148ms (cache revalidated)
241 silly packumentCache full:https://registry.npmjs.org/debug set size:193521 disposed:false
242 http fetch GET 200 https://registry.npmjs.org/debug 164ms (cache revalidated)
243 silly packumentCache full:https://registry.npmjs.org/debug set size:193521 disposed:false
244 silly packumentCache full:https://registry.npmjs.org/debug dispose
245 http fetch GET 200 https://registry.npmjs.org/debug 180ms (cache revalidated)
246 silly packumentCache full:https://registry.npmjs.org/debug set size:193521 disposed:true
247 silly packumentCache full:https://registry.npmjs.org/debug dispose
248 http fetch GET 200 https://registry.npmjs.org/socks 368ms (cache miss)
249 silly packumentCache full:https://registry.npmjs.org/socks set size:undefined disposed:false
250 silly placeDep node_modules/node-gyp @npmcli/fs@4.0.0 OK for: cacache@19.0.1 want: ^4.0.0
251 silly placeDep node_modules/node-gyp fs-minipass@3.0.3 OK for: cacache@19.0.1 want: ^3.0.0
252 silly placeDep node_modules/node-gyp glob@10.4.5 OK for: cacache@19.0.1 want: ^10.2.2
253 silly placeDep node_modules/node-gyp minipass-collect@2.0.1 OK for: cacache@19.0.1 want: ^2.0.1
254 silly placeDep node_modules/node-gyp p-map@7.0.3 OK for: cacache@19.0.1 want: ^7.0.2
255 silly placeDep node_modules/node-gyp unique-filename@4.0.0 OK for: cacache@19.0.1 want: ^4.0.0
256 silly fetch manifest jackspeak@^3.1.2
257 silly packumentCache full:https://registry.npmjs.org/jackspeak cache-miss
258 silly fetch manifest minimatch@^9.0.4
259 silly packumentCache full:https://registry.npmjs.org/minimatch cache-miss
260 silly fetch manifest path-scurry@^1.11.1
261 silly packumentCache full:https://registry.npmjs.org/path-scurry cache-miss
262 silly fetch manifest foreground-child@^3.1.0
263 silly packumentCache full:https://registry.npmjs.org/foreground-child cache-miss
264 silly fetch manifest package-json-from-dist@^1.0.0
265 silly packumentCache full:https://registry.npmjs.org/package-json-from-dist cache-miss
266 silly fetch manifest unique-slug@^5.0.0
267 silly packumentCache full:https://registry.npmjs.org/unique-slug cache-miss
268 http fetch GET 200 https://registry.npmjs.org/minimatch 170ms (cache revalidated)
269 silly packumentCache full:https://registry.npmjs.org/minimatch set size:298903 disposed:false
270 http fetch GET 200 https://registry.npmjs.org/unique-slug 361ms (cache miss)
271 silly packumentCache full:https://registry.npmjs.org/unique-slug set size:undefined disposed:false
272 http fetch GET 200 https://registry.npmjs.org/package-json-from-dist 363ms (cache miss)
273 silly packumentCache full:https://registry.npmjs.org/package-json-from-dist set size:undefined disposed:false
274 http fetch GET 200 https://registry.npmjs.org/path-scurry 368ms (cache miss)
275 silly packumentCache full:https://registry.npmjs.org/path-scurry set size:undefined disposed:false
276 http fetch GET 200 https://registry.npmjs.org/foreground-child 468ms (cache miss)
277 silly packumentCache full:https://registry.npmjs.org/foreground-child set size:undefined disposed:false
278 http fetch GET 200 https://registry.npmjs.org/jackspeak 483ms (cache miss)
279 silly packumentCache full:https://registry.npmjs.org/jackspeak set size:undefined disposed:false
280 silly placeDep node_modules/node-gyp foreground-child@3.3.1 OK for: glob@10.4.5 want: ^3.1.0
281 silly placeDep node_modules/node-gyp jackspeak@3.4.3 OK for: glob@10.4.5 want: ^3.1.2
282 silly placeDep node_modules/node-gyp minimatch@9.0.5 OK for: glob@10.4.5 want: ^9.0.4
283 silly placeDep node_modules/node-gyp package-json-from-dist@1.0.1 OK for: glob@10.4.5 want: ^1.0.0
284 silly placeDep node_modules/node-gyp path-scurry@1.11.1 OK for: glob@10.4.5 want: ^1.11.1
285 silly fetch manifest cross-spawn@^7.0.6
286 silly packumentCache full:https://registry.npmjs.org/cross-spawn cache-miss
287 silly fetch manifest signal-exit@^4.0.1
288 silly packumentCache full:https://registry.npmjs.org/signal-exit cache-miss
289 silly fetch manifest @isaacs/cliui@^8.0.2
290 silly packumentCache full:https://registry.npmjs.org/@isaacs%2fcliui cache-miss
291 silly fetch manifest @pkgjs/parseargs@^0.11.0
292 silly packumentCache full:https://registry.npmjs.org/@pkgjs%2fparseargs cache-miss
293 silly fetch manifest brace-expansion@^2.0.1
294 silly packumentCache full:https://registry.npmjs.org/brace-expansion cache-miss
295 http fetch GET 200 https://registry.npmjs.org/brace-expansion 167ms (cache revalidated)
296 silly packumentCache full:https://registry.npmjs.org/brace-expansion set size:46250 disposed:false
297 http fetch GET 200 https://registry.npmjs.org/cross-spawn 173ms (cache revalidated)
298 silly packumentCache full:https://registry.npmjs.org/cross-spawn set size:109066 disposed:false
299 http fetch GET 200 https://registry.npmjs.org/signal-exit 183ms (cache miss)
300 silly packumentCache full:https://registry.npmjs.org/signal-exit set size:undefined disposed:false
301 http fetch GET 200 https://registry.npmjs.org/@isaacs%2fcliui 551ms (cache miss)
302 silly packumentCache full:https://registry.npmjs.org/@isaacs%2fcliui set size:undefined disposed:false
303 http fetch GET 200 https://registry.npmjs.org/@pkgjs%2fparseargs 555ms (cache miss)
304 silly packumentCache full:https://registry.npmjs.org/@pkgjs%2fparseargs set size:undefined disposed:false
305 silly placeDep node_modules/node-gyp cross-spawn@7.0.6 OK for: foreground-child@3.3.1 want: ^7.0.6
306 silly placeDep node_modules/node-gyp signal-exit@4.1.0 OK for: foreground-child@3.3.1 want: ^4.0.1
307 silly fetch manifest which@^2.0.1
308 silly packumentCache full:https://registry.npmjs.org/which cache-hit
309 silly fetch manifest path-key@^3.1.0
310 silly packumentCache full:https://registry.npmjs.org/path-key cache-miss
311 silly fetch manifest shebang-command@^2.0.0
312 silly packumentCache full:https://registry.npmjs.org/shebang-command cache-miss
313 http fetch GET 200 https://registry.npmjs.org/shebang-command 351ms (cache revalidated)
314 silly packumentCache full:https://registry.npmjs.org/shebang-command set size:8525 disposed:false
315 http fetch GET 200 https://registry.npmjs.org/path-key 530ms (cache revalidated)
316 silly packumentCache full:https://registry.npmjs.org/path-key set size:16975 disposed:false
317 silly placeDep node_modules/node-gyp path-key@3.1.1 OK for: cross-spawn@7.0.6 want: ^3.1.0
318 silly placeDep node_modules/node-gyp shebang-command@2.0.0 OK for: cross-spawn@7.0.6 want: ^2.0.0
319 silly placeDep node_modules/node-gyp/node_modules/cross-spawn which@2.0.2 OK for: cross-spawn@7.0.6 want: ^2.0.1
320 silly fetch manifest shebang-regex@^3.0.0
321 silly packumentCache full:https://registry.npmjs.org/shebang-regex cache-miss
322 silly fetch manifest isexe@^2.0.0
323 silly packumentCache full:https://registry.npmjs.org/isexe cache-hit
324 http fetch GET 200 https://registry.npmjs.org/shebang-regex 324ms (cache revalidated)
325 silly packumentCache full:https://registry.npmjs.org/shebang-regex set size:9763 disposed:false
326 silly placeDep node_modules/node-gyp debug@4.4.1 OK for: http-proxy-agent@7.0.2 want: ^4.3.4
327 silly fetch manifest ms@^2.1.3
328 silly packumentCache full:https://registry.npmjs.org/ms cache-miss
329 http fetch GET 200 https://registry.npmjs.org/ms 247ms (cache revalidated)
330 silly packumentCache full:https://registry.npmjs.org/ms set size:84883 disposed:false
331 silly placeDep node_modules/node-gyp ms@2.1.3 OK for: debug@4.4.1 want: ^2.1.3
332 silly placeDep node_modules/node-gyp @isaacs/cliui@8.0.2 OK for: jackspeak@3.4.3 want: ^8.0.2
333 silly placeDep node_modules/node-gyp @pkgjs/parseargs@0.11.0 OK for: jackspeak@3.4.3 want: ^0.11.0
334 silly fetch manifest string-width@^5.1.2
335 silly packumentCache full:https://registry.npmjs.org/string-width cache-miss
336 silly fetch manifest string-width-cjs@npm:string-width@^4.2.0
337 silly packumentCache full:https://registry.npmjs.org/string-width cache-miss
338 silly fetch manifest strip-ansi@^7.0.1
339 silly packumentCache full:https://registry.npmjs.org/strip-ansi cache-miss
340 silly fetch manifest strip-ansi-cjs@npm:strip-ansi@^6.0.1
341 silly packumentCache full:https://registry.npmjs.org/strip-ansi cache-miss
342 silly fetch manifest wrap-ansi@^8.1.0
343 silly packumentCache full:https://registry.npmjs.org/wrap-ansi cache-miss
344 silly fetch manifest wrap-ansi-cjs@npm:wrap-ansi@^7.0.0
345 silly packumentCache full:https://registry.npmjs.org/wrap-ansi cache-miss
346 http fetch GET 200 https://registry.npmjs.org/wrap-ansi 260ms (cache revalidated)
347 silly packumentCache full:https://registry.npmjs.org/wrap-ansi set size:51143 disposed:false
348 http fetch GET 200 https://registry.npmjs.org/wrap-ansi 265ms (cache revalidated)
349 silly packumentCache full:https://registry.npmjs.org/wrap-ansi set size:51143 disposed:false
350 silly packumentCache full:https://registry.npmjs.org/wrap-ansi dispose
351 http fetch GET 200 https://registry.npmjs.org/string-width 272ms (cache revalidated)
352 silly packumentCache full:https://registry.npmjs.org/string-width set size:61460 disposed:false
353 http fetch GET 200 https://registry.npmjs.org/strip-ansi 272ms (cache revalidated)
354 silly packumentCache full:https://registry.npmjs.org/strip-ansi set size:43180 disposed:false
355 http fetch GET 200 https://registry.npmjs.org/strip-ansi 275ms (cache revalidated)
356 silly packumentCache full:https://registry.npmjs.org/strip-ansi set size:43180 disposed:false
357 silly packumentCache full:https://registry.npmjs.org/strip-ansi dispose
358 http fetch GET 200 https://registry.npmjs.org/string-width 278ms (cache revalidated)
359 silly packumentCache full:https://registry.npmjs.org/string-width set size:61460 disposed:false
360 silly packumentCache full:https://registry.npmjs.org/string-width dispose
361 silly placeDep node_modules/node-gyp string-width@5.1.2 OK for: @isaacs/cliui@8.0.2 want: ^5.1.2
362 silly placeDep node_modules/node-gyp string-width-cjs@4.2.3 OK for: @isaacs/cliui@8.0.2 want: npm:string-width@^4.2.0
363 silly placeDep node_modules/node-gyp strip-ansi@7.1.0 OK for: @isaacs/cliui@8.0.2 want: ^7.0.1
364 silly placeDep node_modules/node-gyp strip-ansi-cjs@6.0.1 OK for: @isaacs/cliui@8.0.2 want: npm:strip-ansi@^6.0.1
365 silly placeDep node_modules/node-gyp wrap-ansi@8.1.0 OK for: @isaacs/cliui@8.0.2 want: ^8.1.0
366 silly placeDep node_modules/node-gyp wrap-ansi-cjs@7.0.0 OK for: @isaacs/cliui@8.0.2 want: npm:wrap-ansi@^7.0.0
367 silly fetch manifest emoji-regex@^9.2.2
368 silly packumentCache full:https://registry.npmjs.org/emoji-regex cache-miss
369 silly fetch manifest eastasianwidth@^0.2.0
370 silly packumentCache full:https://registry.npmjs.org/eastasianwidth cache-miss
371 silly fetch manifest strip-ansi@^6.0.1
372 silly packumentCache full:https://registry.npmjs.org/strip-ansi cache-hit
373 silly fetch manifest emoji-regex@^8.0.0
374 silly packumentCache full:https://registry.npmjs.org/emoji-regex cache-miss
375 silly fetch manifest is-fullwidth-code-point@^3.0.0
376 silly packumentCache full:https://registry.npmjs.org/is-fullwidth-code-point cache-miss
377 silly fetch manifest ansi-regex@^6.0.1
378 silly packumentCache full:https://registry.npmjs.org/ansi-regex cache-miss
379 silly fetch manifest ansi-regex@^5.0.1
380 silly packumentCache full:https://registry.npmjs.org/ansi-regex cache-miss
381 silly fetch manifest ansi-styles@^6.1.0
382 silly packumentCache full:https://registry.npmjs.org/ansi-styles cache-miss
383 http fetch GET 200 https://registry.npmjs.org/ansi-regex 196ms (cache revalidated)
384 silly packumentCache full:https://registry.npmjs.org/ansi-regex set size:41869 disposed:false
385 silly fetch manifest ansi-styles@^4.0.0
386 silly packumentCache full:https://registry.npmjs.org/ansi-styles cache-miss
387 http fetch GET 200 https://registry.npmjs.org/emoji-regex 207ms (cache revalidated)
388 silly packumentCache full:https://registry.npmjs.org/emoji-regex set size:85187 disposed:false
389 silly fetch manifest string-width@^4.1.0
390 silly packumentCache full:https://registry.npmjs.org/string-width cache-hit
391 silly fetch manifest strip-ansi@^6.0.0
392 silly packumentCache full:https://registry.npmjs.org/strip-ansi cache-hit
393 http fetch GET 200 https://registry.npmjs.org/ansi-regex 212ms (cache revalidated)
394 silly packumentCache full:https://registry.npmjs.org/ansi-regex set size:41869 disposed:false
395 silly packumentCache full:https://registry.npmjs.org/ansi-regex dispose
396 http fetch GET 200 https://registry.npmjs.org/emoji-regex 215ms (cache revalidated)
397 silly packumentCache full:https://registry.npmjs.org/emoji-regex set size:85187 disposed:false
398 silly packumentCache full:https://registry.npmjs.org/emoji-regex dispose
399 http fetch GET 200 https://registry.npmjs.org/is-fullwidth-code-point 220ms (cache revalidated)
400 silly packumentCache full:https://registry.npmjs.org/is-fullwidth-code-point set size:12553 disposed:false
401 http fetch GET 200 https://registry.npmjs.org/ansi-styles 222ms (cache revalidated)
402 silly packumentCache full:https://registry.npmjs.org/ansi-styles set size:66356 disposed:false
403 http cache https://registry.npmjs.org/ansi-styles 28ms (cache hit)
404 silly packumentCache full:https://registry.npmjs.org/ansi-styles set size:66356 disposed:false
405 silly packumentCache full:https://registry.npmjs.org/ansi-styles dispose
406 http fetch GET 200 https://registry.npmjs.org/eastasianwidth 329ms (cache miss)
407 silly packumentCache full:https://registry.npmjs.org/eastasianwidth set size:undefined disposed:false
408 silly placeDep node_modules/node-gyp brace-expansion@2.0.2 OK for: minimatch@9.0.5 want: ^2.0.1
409 silly fetch manifest balanced-match@^1.0.0
410 silly packumentCache full:https://registry.npmjs.org/balanced-match cache-miss
411 http fetch GET 200 https://registry.npmjs.org/balanced-match 335ms (cache revalidated)
412 silly packumentCache full:https://registry.npmjs.org/balanced-match set size:33860 disposed:false
413 silly placeDep node_modules/node-gyp balanced-match@1.0.2 OK for: brace-expansion@2.0.2 want: ^1.0.0
414 silly placeDep node_modules/node-gyp encoding@0.1.13 OK for: minipass-fetch@4.0.1 want: ^0.1.13
415 silly placeDep node_modules/node-gyp minipass-sized@1.0.3 OK for: minipass-fetch@4.0.1 want: ^1.0.3
416 silly placeDep node_modules/node-gyp minizlib@3.0.2 OK for: minipass-fetch@4.0.1 want: ^3.0.1
417 silly fetch manifest iconv-lite@^0.6.2
418 silly packumentCache full:https://registry.npmjs.org/iconv-lite cache-miss
419 http fetch GET 200 https://registry.npmjs.org/iconv-lite 177ms (cache revalidated)
420 silly packumentCache full:https://registry.npmjs.org/iconv-lite set size:115994 disposed:false
421 silly placeDep node_modules/node-gyp iconv-lite@0.6.3 OK for: encoding@0.1.13 want: ^0.6.2
422 silly fetch manifest safer-buffer@>= 2.1.2 < 3.0.0
423 silly packumentCache full:https://registry.npmjs.org/safer-buffer cache-miss
424 http fetch GET 200 https://registry.npmjs.org/safer-buffer 154ms (cache revalidated)
425 silly packumentCache full:https://registry.npmjs.org/safer-buffer set size:18521 disposed:false
426 silly placeDep node_modules/node-gyp safer-buffer@2.1.2 OK for: iconv-lite@0.6.3 want: >= 2.1.2 < 3.0.0
427 silly placeDep node_modules/node-gyp/node_modules/minipass-flush minipass@3.3.6 OK for: minipass-flush@1.0.5 want: ^3.0.0
428 silly fetch manifest yallist@^4.0.0
429 silly packumentCache full:https://registry.npmjs.org/yallist cache-hit
430 silly placeDep node_modules/node-gyp/node_modules/minipass-pipeline minipass@3.3.6 OK for: minipass-pipeline@1.2.4 want: ^3.0.0
431 silly placeDep node_modules/node-gyp/node_modules/minipass-sized minipass@3.3.6 OK for: minipass-sized@1.0.3 want: ^3.0.0
432 silly placeDep node_modules/node-gyp abbrev@3.0.1 OK for: nopt@8.1.0 want: ^3.0.0
433 silly placeDep node_modules/node-gyp err-code@2.0.3 OK for: promise-retry@2.0.1 want: ^2.0.2
434 silly placeDep node_modules/node-gyp retry@0.12.0 OK for: promise-retry@2.0.1 want: ^0.12.0
435 silly placeDep node_modules/node-gyp shebang-regex@3.0.0 OK for: shebang-command@2.0.0 want: ^3.0.0
436 silly placeDep node_modules/node-gyp socks@2.8.6 OK for: socks-proxy-agent@8.0.5 want: ^2.8.3
437 silly fetch manifest ip-address@^9.0.5
438 silly packumentCache full:https://registry.npmjs.org/ip-address cache-miss
439 silly fetch manifest smart-buffer@^4.2.0
440 silly packumentCache full:https://registry.npmjs.org/smart-buffer cache-miss
441 http fetch GET 200 https://registry.npmjs.org/ip-address 377ms (cache miss)
442 silly packumentCache full:https://registry.npmjs.org/ip-address set size:undefined disposed:false
443 http fetch GET 200 https://registry.npmjs.org/smart-buffer 384ms (cache miss)
444 silly packumentCache full:https://registry.npmjs.org/smart-buffer set size:undefined disposed:false
445 silly placeDep node_modules/node-gyp ip-address@9.0.5 OK for: socks@2.8.6 want: ^9.0.5
446 silly placeDep node_modules/node-gyp smart-buffer@4.2.0 OK for: socks@2.8.6 want: ^4.2.0
447 silly fetch manifest jsbn@1.1.0
448 silly packumentCache full:https://registry.npmjs.org/jsbn cache-miss
449 silly fetch manifest sprintf-js@^1.1.3
450 silly packumentCache full:https://registry.npmjs.org/sprintf-js cache-miss
451 http fetch GET 200 https://registry.npmjs.org/jsbn 315ms (cache miss)
452 silly packumentCache full:https://registry.npmjs.org/jsbn set size:undefined disposed:false
453 http fetch GET 200 https://registry.npmjs.org/sprintf-js 318ms (cache miss)
454 silly packumentCache full:https://registry.npmjs.org/sprintf-js set size:undefined disposed:false
455 silly placeDep node_modules/node-gyp jsbn@1.1.0 OK for: ip-address@9.0.5 want: 1.1.0
456 silly placeDep node_modules/node-gyp sprintf-js@1.1.3 OK for: ip-address@9.0.5 want: ^1.1.3
457 silly placeDep node_modules/node-gyp eastasianwidth@0.2.0 OK for: string-width@5.1.2 want: ^0.2.0
458 silly placeDep node_modules/node-gyp emoji-regex@9.2.2 OK for: string-width@5.1.2 want: ^9.2.2
459 silly placeDep node_modules/node-gyp/node_modules/string-width-cjs emoji-regex@8.0.0 OK for: string-width@4.2.3 want: ^8.0.0
460 silly placeDep node_modules/node-gyp is-fullwidth-code-point@3.0.0 OK for: string-width@4.2.3 want: ^3.0.0
461 silly placeDep node_modules/node-gyp/node_modules/string-width-cjs strip-ansi@6.0.1 OK for: string-width@4.2.3 want: ^6.0.1
462 silly placeDep node_modules/node-gyp ansi-regex@6.1.0 OK for: strip-ansi@7.1.0 want: ^6.0.1
463 silly placeDep node_modules/node-gyp/node_modules/strip-ansi-cjs ansi-regex@5.0.1 OK for: strip-ansi@6.0.1 want: ^5.0.1
464 silly placeDep node_modules/node-gyp @isaacs/fs-minipass@4.0.1 OK for: tar@7.4.3 want: ^4.0.0
465 silly placeDep node_modules/node-gyp chownr@3.0.0 OK for: tar@7.4.3 want: ^3.0.0
466 silly placeDep node_modules/node-gyp mkdirp@3.0.1 OK for: tar@7.4.3 want: ^3.0.1
467 silly placeDep node_modules/node-gyp yallist@5.0.0 OK for: tar@7.4.3 want: ^5.0.0
468 silly placeDep node_modules/node-gyp fdir@6.4.6 OK for: tinyglobby@0.2.14 want: ^6.4.4
469 silly placeDep node_modules/node-gyp picomatch@4.0.3 OK for: tinyglobby@0.2.14 want: ^4.0.2
470 silly placeDep node_modules/node-gyp unique-slug@5.0.0 OK for: unique-filename@4.0.0 want: ^5.0.0
471 silly fetch manifest imurmurhash@^0.1.4
472 silly packumentCache full:https://registry.npmjs.org/imurmurhash cache-miss
473 http fetch GET 200 https://registry.npmjs.org/imurmurhash 354ms (cache revalidated)
474 silly packumentCache full:https://registry.npmjs.org/imurmurhash set size:35819 disposed:false
475 silly placeDep node_modules/node-gyp imurmurhash@0.1.4 OK for: unique-slug@5.0.0 want: ^0.1.4
476 silly placeDep node_modules/node-gyp isexe@3.1.1 OK for: which@5.0.0 want: ^3.1.1
477 silly placeDep node_modules/node-gyp ansi-styles@6.2.1 OK for: wrap-ansi@8.1.0 want: ^6.1.0
478 silly placeDep node_modules/node-gyp/node_modules/wrap-ansi-cjs ansi-styles@4.3.0 OK for: wrap-ansi@7.0.0 want: ^4.0.0
479 silly placeDep node_modules/node-gyp/node_modules/wrap-ansi-cjs string-width@4.2.3 OK for: wrap-ansi@7.0.0 want: ^4.1.0
480 silly placeDep node_modules/node-gyp/node_modules/wrap-ansi-cjs strip-ansi@6.0.1 OK for: wrap-ansi@7.0.0 want: ^6.0.0
481 silly fetch manifest color-convert@^2.0.1
482 silly packumentCache full:https://registry.npmjs.org/color-convert cache-miss
483 http fetch GET 200 https://registry.npmjs.org/color-convert 237ms (cache revalidated)
484 silly packumentCache full:https://registry.npmjs.org/color-convert set size:68789 disposed:false
485 silly placeDep node_modules/node-gyp/node_modules/cross-spawn isexe@2.0.0 OK for: which@2.0.2 want: ^2.0.0
486 silly placeDep node_modules/node-gyp/node_modules/minipass-flush yallist@4.0.0 OK for: minipass@3.3.6 want: ^4.0.0
487 silly placeDep node_modules/node-gyp/node_modules/minipass-pipeline yallist@4.0.0 OK for: minipass@3.3.6 want: ^4.0.0
488 silly placeDep node_modules/node-gyp/node_modules/minipass-sized yallist@4.0.0 OK for: minipass@3.3.6 want: ^4.0.0
489 silly placeDep node_modules/node-gyp/node_modules/string-width-cjs ansi-regex@5.0.1 OK for: strip-ansi@6.0.1 want: ^5.0.1
490 silly placeDep node_modules/node-gyp color-convert@2.0.1 OK for: ansi-styles@4.3.0 want: ^2.0.1
491 silly fetch manifest color-name@~1.1.4
492 silly packumentCache full:https://registry.npmjs.org/color-name cache-miss
493 http fetch GET 200 https://registry.npmjs.org/color-name 145ms (cache revalidated)
494 silly packumentCache full:https://registry.npmjs.org/color-name set size:16325 disposed:false
495 silly placeDep node_modules/node-gyp color-name@1.1.4 OK for: color-convert@2.0.1 want: ~1.1.4
496 silly placeDep node_modules/node-gyp/node_modules/wrap-ansi-cjs emoji-regex@8.0.0 OK for: string-width@4.2.3 want: ^8.0.0
497 silly placeDep node_modules/node-gyp/node_modules/wrap-ansi-cjs ansi-regex@5.0.1 OK for: strip-ansi@6.0.1 want: ^5.0.1
498 silly reify moves {}
499 http cache color-name@https://registry.npmjs.org/color-name/-/color-name-1.1.4.tgz 0ms (cache hit)
500 http cache color-convert@https://registry.npmjs.org/color-convert/-/color-convert-2.0.1.tgz 0ms (cache hit)
501 http cache isexe@https://registry.npmjs.org/isexe/-/isexe-3.1.1.tgz 0ms (cache hit)
502 http cache node-gyp@https://registry.npmjs.org/node-gyp/-/node-gyp-11.2.0.tgz 0ms (cache hit)
503 http cache imurmurhash@https://registry.npmjs.org/imurmurhash/-/imurmurhash-0.1.4.tgz 0ms (cache hit)
504 http cache unique-slug@https://registry.npmjs.org/unique-slug/-/unique-slug-5.0.0.tgz 0ms (cache hit)
505 http cache picomatch@https://registry.npmjs.org/picomatch/-/picomatch-4.0.3.tgz 0ms (cache hit)
506 http cache fdir@https://registry.npmjs.org/fdir/-/fdir-6.4.6.tgz 0ms (cache hit)
507 http cache ansi-styles@https://registry.npmjs.org/ansi-styles/-/ansi-styles-6.2.1.tgz 0ms (cache hit)
508 http cache yallist@https://registry.npmjs.org/yallist/-/yallist-5.0.0.tgz 0ms (cache hit)
509 http cache mkdirp@https://registry.npmjs.org/mkdirp/-/mkdirp-3.0.1.tgz 0ms (cache hit)
510 http cache chownr@https://registry.npmjs.org/chownr/-/chownr-3.0.0.tgz 0ms (cache hit)
511 http cache ansi-regex@https://registry.npmjs.org/ansi-regex/-/ansi-regex-6.1.0.tgz 0ms (cache hit)
512 http cache @isaacs/fs-minipass@https://registry.npmjs.org/@isaacs/fs-minipass/-/fs-minipass-4.0.1.tgz 0ms (cache hit)
513 http cache is-fullwidth-code-point@https://registry.npmjs.org/is-fullwidth-code-point/-/is-fullwidth-code-point-3.0.0.tgz 0ms (cache hit)
514 http cache emoji-regex@https://registry.npmjs.org/emoji-regex/-/emoji-regex-9.2.2.tgz 0ms (cache hit)
515 http cache eastasianwidth@https://registry.npmjs.org/eastasianwidth/-/eastasianwidth-0.2.0.tgz 0ms (cache hit)
516 http cache sprintf-js@https://registry.npmjs.org/sprintf-js/-/sprintf-js-1.1.3.tgz 0ms (cache hit)
517 http cache smart-buffer@https://registry.npmjs.org/smart-buffer/-/smart-buffer-4.2.0.tgz 0ms (cache hit)
518 http cache jsbn@https://registry.npmjs.org/jsbn/-/jsbn-1.1.0.tgz 0ms (cache hit)
519 http cache socks@https://registry.npmjs.org/socks/-/socks-2.8.6.tgz 0ms (cache hit)
520 http cache shebang-regex@https://registry.npmjs.org/shebang-regex/-/shebang-regex-3.0.0.tgz 0ms (cache hit)
521 http cache ip-address@https://registry.npmjs.org/ip-address/-/ip-address-9.0.5.tgz 0ms (cache hit)
522 http cache err-code@https://registry.npmjs.org/err-code/-/err-code-2.0.3.tgz 0ms (cache hit)
523 http cache retry@https://registry.npmjs.org/retry/-/retry-0.12.0.tgz 0ms (cache hit)
524 http cache abbrev@https://registry.npmjs.org/abbrev/-/abbrev-3.0.1.tgz 0ms (cache hit)
525 http cache safer-buffer@https://registry.npmjs.org/safer-buffer/-/safer-buffer-2.1.2.tgz 0ms (cache hit)
526 http cache minipass-sized@https://registry.npmjs.org/minipass-sized/-/minipass-sized-1.0.3.tgz 0ms (cache hit)
527 http cache iconv-lite@https://registry.npmjs.org/iconv-lite/-/iconv-lite-0.6.3.tgz 0ms (cache hit)
528 http cache minizlib@https://registry.npmjs.org/minizlib/-/minizlib-3.0.2.tgz 0ms (cache hit)
529 http cache encoding@https://registry.npmjs.org/encoding/-/encoding-0.1.13.tgz 0ms (cache hit)
530 http cache brace-expansion@https://registry.npmjs.org/brace-expansion/-/brace-expansion-2.0.2.tgz 0ms (cache hit)
531 http cache yallist@https://registry.npmjs.org/yallist/-/yallist-4.0.0.tgz 0ms (cache hit)
532 http cache wrap-ansi-cjs@https://registry.npmjs.org/wrap-ansi/-/wrap-ansi-7.0.0.tgz 0ms (cache hit)
533 http cache balanced-match@https://registry.npmjs.org/balanced-match/-/balanced-match-1.0.2.tgz 0ms (cache hit)
534 http cache emoji-regex@https://registry.npmjs.org/emoji-regex/-/emoji-regex-8.0.0.tgz 0ms (cache hit)
535 http cache ansi-styles@https://registry.npmjs.org/ansi-styles/-/ansi-styles-4.3.0.tgz 0ms (cache hit)
536 http cache strip-ansi@https://registry.npmjs.org/strip-ansi/-/strip-ansi-6.0.1.tgz 0ms (cache hit)
537 http cache wrap-ansi@https://registry.npmjs.org/wrap-ansi/-/wrap-ansi-8.1.0.tgz 0ms (cache hit)
538 http cache string-width@https://registry.npmjs.org/string-width/-/string-width-4.2.3.tgz 0ms (cache hit)
539 http cache ansi-regex@https://registry.npmjs.org/ansi-regex/-/ansi-regex-5.0.1.tgz 0ms (cache hit)
540 http cache ansi-regex@https://registry.npmjs.org/ansi-regex/-/ansi-regex-5.0.1.tgz 0ms (cache hit)
541 http cache string-width-cjs@https://registry.npmjs.org/string-width/-/string-width-4.2.3.tgz 0ms (cache hit)
542 http cache ansi-regex@https://registry.npmjs.org/ansi-regex/-/ansi-regex-5.0.1.tgz 0ms (cache hit)
543 http cache strip-ansi-cjs@https://registry.npmjs.org/strip-ansi/-/strip-ansi-6.0.1.tgz 0ms (cache hit)
544 http cache strip-ansi@https://registry.npmjs.org/strip-ansi/-/strip-ansi-7.1.0.tgz 0ms (cache hit)
545 http cache strip-ansi@https://registry.npmjs.org/strip-ansi/-/strip-ansi-6.0.1.tgz 0ms (cache hit)
546 http cache minipass@https://registry.npmjs.org/minipass/-/minipass-3.3.6.tgz 0ms (cache hit)
547 http cache @pkgjs/parseargs@https://registry.npmjs.org/@pkgjs/parseargs/-/parseargs-0.11.0.tgz 0ms (cache hit)
548 http cache ms@https://registry.npmjs.org/ms/-/ms-2.1.3.tgz 0ms (cache hit)
549 http cache string-width@https://registry.npmjs.org/string-width/-/string-width-5.1.2.tgz 0ms (cache hit)
550 http cache debug@https://registry.npmjs.org/debug/-/debug-4.4.1.tgz 0ms (cache hit)
551 http cache emoji-regex@https://registry.npmjs.org/emoji-regex/-/emoji-regex-8.0.0.tgz 0ms (cache hit)
552 http cache @isaacs/cliui@https://registry.npmjs.org/@isaacs/cliui/-/cliui-8.0.2.tgz 0ms (cache hit)
553 http cache shebang-command@https://registry.npmjs.org/shebang-command/-/shebang-command-2.0.0.tgz 0ms (cache hit)
554 http cache isexe@https://registry.npmjs.org/isexe/-/isexe-2.0.0.tgz 0ms (cache hit)
555 http cache which@https://registry.npmjs.org/which/-/which-2.0.2.tgz 0ms (cache hit)
556 http cache path-key@https://registry.npmjs.org/path-key/-/path-key-3.1.1.tgz 0ms (cache hit)
557 http cache signal-exit@https://registry.npmjs.org/signal-exit/-/signal-exit-4.1.0.tgz 0ms (cache hit)
558 http cache path-scurry@https://registry.npmjs.org/path-scurry/-/path-scurry-1.11.1.tgz 0ms (cache hit)
559 http cache cross-spawn@https://registry.npmjs.org/cross-spawn/-/cross-spawn-7.0.6.tgz 0ms (cache hit)
560 http cache jackspeak@https://registry.npmjs.org/jackspeak/-/jackspeak-3.4.3.tgz 0ms (cache hit)
561 http cache unique-filename@https://registry.npmjs.org/unique-filename/-/unique-filename-4.0.0.tgz 0ms (cache hit)
562 http cache package-json-from-dist@https://registry.npmjs.org/package-json-from-dist/-/package-json-from-dist-1.0.1.tgz 0ms (cache hit)
563 http cache p-map@https://registry.npmjs.org/p-map/-/p-map-7.0.3.tgz 0ms (cache hit)
564 http cache minimatch@https://registry.npmjs.org/minimatch/-/minimatch-9.0.5.tgz 0ms (cache hit)
565 http cache glob@https://registry.npmjs.org/glob/-/glob-10.4.5.tgz 0ms (cache hit)
566 http cache foreground-child@https://registry.npmjs.org/foreground-child/-/foreground-child-3.3.1.tgz 0ms (cache hit)
567 http cache socks-proxy-agent@https://registry.npmjs.org/socks-proxy-agent/-/socks-proxy-agent-8.0.5.tgz 0ms (cache hit)
568 http cache lru-cache@https://registry.npmjs.org/lru-cache/-/lru-cache-10.4.3.tgz 0ms (cache hit)
569 http cache minipass-collect@https://registry.npmjs.org/minipass-collect/-/minipass-collect-2.0.1.tgz 0ms (cache hit)
570 http cache https-proxy-agent@https://registry.npmjs.org/https-proxy-agent/-/https-proxy-agent-7.0.6.tgz 0ms (cache hit)
571 http cache fs-minipass@https://registry.npmjs.org/fs-minipass/-/fs-minipass-3.0.3.tgz 0ms (cache hit)
572 http cache ssri@https://registry.npmjs.org/ssri/-/ssri-12.0.0.tgz 0ms (cache hit)
573 http cache @npmcli/fs@https://registry.npmjs.org/@npmcli/fs/-/fs-4.0.0.tgz 0ms (cache hit)
574 http cache promise-retry@https://registry.npmjs.org/promise-retry/-/promise-retry-2.0.1.tgz 0ms (cache hit)
575 http cache minipass-pipeline@https://registry.npmjs.org/minipass-pipeline/-/minipass-pipeline-1.2.4.tgz 0ms (cache hit)
576 http cache http-proxy-agent@https://registry.npmjs.org/http-proxy-agent/-/http-proxy-agent-7.0.2.tgz 0ms (cache hit)
577 http cache agent-base@https://registry.npmjs.org/agent-base/-/agent-base-7.1.4.tgz 0ms (cache hit)
578 http cache yallist@https://registry.npmjs.org/yallist/-/yallist-4.0.0.tgz 0ms (cache hit)
579 http cache negotiator@https://registry.npmjs.org/negotiator/-/negotiator-1.0.0.tgz 0ms (cache hit)
580 http cache yallist@https://registry.npmjs.org/yallist/-/yallist-4.0.0.tgz 0ms (cache hit)
581 http cache minipass-fetch@https://registry.npmjs.org/minipass-fetch/-/minipass-fetch-4.0.1.tgz 0ms (cache hit)
582 http cache http-cache-semantics@https://registry.npmjs.org/http-cache-semantics/-/http-cache-semantics-4.2.0.tgz 0ms (cache hit)
583 http cache minipass-flush@https://registry.npmjs.org/minipass-flush/-/minipass-flush-1.0.5.tgz 0ms (cache hit)
584 http cache minipass@https://registry.npmjs.org/minipass/-/minipass-3.3.6.tgz 0ms (cache hit)
585 http cache minipass@https://registry.npmjs.org/minipass/-/minipass-3.3.6.tgz 0ms (cache hit)
586 http cache minipass@https://registry.npmjs.org/minipass/-/minipass-7.1.2.tgz 0ms (cache hit)
587 http cache which@https://registry.npmjs.org/which/-/which-5.0.0.tgz 0ms (cache hit)
588 http cache tar@https://registry.npmjs.org/tar/-/tar-7.4.3.tgz 0ms (cache hit)
589 http cache semver@https://registry.npmjs.org/semver/-/semver-7.7.2.tgz 0ms (cache hit)
590 http cache cacache@https://registry.npmjs.org/cacache/-/cacache-19.0.1.tgz 0ms (cache hit)
591 http cache @npmcli/agent@https://registry.npmjs.org/@npmcli/agent/-/agent-3.0.0.tgz 0ms (cache hit)
592 http cache proc-log@https://registry.npmjs.org/proc-log/-/proc-log-5.0.0.tgz 0ms (cache hit)
593 http cache tinyglobby@https://registry.npmjs.org/tinyglobby/-/tinyglobby-0.2.14.tgz 0ms (cache hit)
594 http cache exponential-backoff@https://registry.npmjs.org/exponential-backoff/-/exponential-backoff-3.1.2.tgz 1ms (cache hit)
595 http cache env-paths@https://registry.npmjs.org/env-paths/-/env-paths-2.2.1.tgz 0ms (cache hit)
596 http cache nopt@https://registry.npmjs.org/nopt/-/nopt-8.1.0.tgz 0ms (cache hit)
597 http cache graceful-fs@https://registry.npmjs.org/graceful-fs/-/graceful-fs-4.2.11.tgz 0ms (cache hit)
598 http cache make-fetch-happen@https://registry.npmjs.org/make-fetch-happen/-/make-fetch-happen-14.0.3.tgz 0ms (cache hit)
599 silly tarball no local data for node-gyp@https://registry.npmjs.org/node-gyp/-/node-gyp-11.2.0.tgz. Extracting by manifest.
600 silly tarball no local data for unique-slug@https://registry.npmjs.org/unique-slug/-/unique-slug-5.0.0.tgz. Extracting by manifest.
601 silly tarball no local data for yallist@https://registry.npmjs.org/yallist/-/yallist-5.0.0.tgz. Extracting by manifest.
602 silly tarball no local data for isexe@https://registry.npmjs.org/isexe/-/isexe-3.1.1.tgz. Extracting by manifest.
603 silly tarball no local data for mkdirp@https://registry.npmjs.org/mkdirp/-/mkdirp-3.0.1.tgz. Extracting by manifest.
604 silly tarball no local data for chownr@https://registry.npmjs.org/chownr/-/chownr-3.0.0.tgz. Extracting by manifest.
605 silly tarball no local data for @isaacs/fs-minipass@https://registry.npmjs.org/@isaacs/fs-minipass/-/fs-minipass-4.0.1.tgz. Extracting by manifest.
606 silly tarball no local data for emoji-regex@https://registry.npmjs.org/emoji-regex/-/emoji-regex-9.2.2.tgz. Extracting by manifest.
607 silly tarball no local data for eastasianwidth@https://registry.npmjs.org/eastasianwidth/-/eastasianwidth-0.2.0.tgz. Extracting by manifest.
608 silly tarball no local data for sprintf-js@https://registry.npmjs.org/sprintf-js/-/sprintf-js-1.1.3.tgz. Extracting by manifest.
609 silly tarball no local data for smart-buffer@https://registry.npmjs.org/smart-buffer/-/smart-buffer-4.2.0.tgz. Extracting by manifest.
610 silly tarball no local data for jsbn@https://registry.npmjs.org/jsbn/-/jsbn-1.1.0.tgz. Extracting by manifest.
611 silly tarball no local data for socks@https://registry.npmjs.org/socks/-/socks-2.8.6.tgz. Extracting by manifest.
612 silly tarball no local data for ip-address@https://registry.npmjs.org/ip-address/-/ip-address-9.0.5.tgz. Extracting by manifest.
613 silly tarball no local data for err-code@https://registry.npmjs.org/err-code/-/err-code-2.0.3.tgz. Extracting by manifest.
614 silly tarball no local data for retry@https://registry.npmjs.org/retry/-/retry-0.12.0.tgz. Extracting by manifest.
615 silly tarball no local data for abbrev@https://registry.npmjs.org/abbrev/-/abbrev-3.0.1.tgz. Extracting by manifest.
616 silly tarball no local data for minipass-sized@https://registry.npmjs.org/minipass-sized/-/minipass-sized-1.0.3.tgz. Extracting by manifest.
617 silly tarball no local data for iconv-lite@https://registry.npmjs.org/iconv-lite/-/iconv-lite-0.6.3.tgz. Extracting by manifest.
618 silly tarball no local data for minizlib@https://registry.npmjs.org/minizlib/-/minizlib-3.0.2.tgz. Extracting by manifest.
619 silly tarball no local data for encoding@https://registry.npmjs.org/encoding/-/encoding-0.1.13.tgz. Extracting by manifest.
620 silly tarball no local data for wrap-ansi@https://registry.npmjs.org/wrap-ansi/-/wrap-ansi-8.1.0.tgz. Extracting by manifest.
621 silly tarball no local data for @pkgjs/parseargs@https://registry.npmjs.org/@pkgjs/parseargs/-/parseargs-0.11.0.tgz. Extracting by manifest.
622 silly tarball no local data for minipass@https://registry.npmjs.org/minipass/-/minipass-3.3.6.tgz. Extracting by manifest.
623 silly tarball no local data for string-width@https://registry.npmjs.org/string-width/-/string-width-5.1.2.tgz. Extracting by manifest.
624 silly tarball no local data for @isaacs/cliui@https://registry.npmjs.org/@isaacs/cliui/-/cliui-8.0.2.tgz. Extracting by manifest.
625 silly tarball no local data for signal-exit@https://registry.npmjs.org/signal-exit/-/signal-exit-4.1.0.tgz. Extracting by manifest.
626 silly tarball no local data for path-scurry@https://registry.npmjs.org/path-scurry/-/path-scurry-1.11.1.tgz. Extracting by manifest.
627 silly tarball no local data for jackspeak@https://registry.npmjs.org/jackspeak/-/jackspeak-3.4.3.tgz. Extracting by manifest.
628 silly tarball no local data for unique-filename@https://registry.npmjs.org/unique-filename/-/unique-filename-4.0.0.tgz. Extracting by manifest.
629 silly tarball no local data for package-json-from-dist@https://registry.npmjs.org/package-json-from-dist/-/package-json-from-dist-1.0.1.tgz. Extracting by manifest.
630 silly tarball no local data for p-map@https://registry.npmjs.org/p-map/-/p-map-7.0.3.tgz. Extracting by manifest.
631 silly tarball no local data for minimatch@https://registry.npmjs.org/minimatch/-/minimatch-9.0.5.tgz. Extracting by manifest.
632 silly tarball no local data for glob@https://registry.npmjs.org/glob/-/glob-10.4.5.tgz. Extracting by manifest.
633 silly tarball no local data for foreground-child@https://registry.npmjs.org/foreground-child/-/foreground-child-3.3.1.tgz. Extracting by manifest.
634 silly tarball no local data for socks-proxy-agent@https://registry.npmjs.org/socks-proxy-agent/-/socks-proxy-agent-8.0.5.tgz. Extracting by manifest.
635 silly tarball no local data for lru-cache@https://registry.npmjs.org/lru-cache/-/lru-cache-10.4.3.tgz. Extracting by manifest.
636 silly tarball no local data for minipass-collect@https://registry.npmjs.org/minipass-collect/-/minipass-collect-2.0.1.tgz. Extracting by manifest.
637 silly tarball no local data for fs-minipass@https://registry.npmjs.org/fs-minipass/-/fs-minipass-3.0.3.tgz. Extracting by manifest.
638 silly tarball no local data for ssri@https://registry.npmjs.org/ssri/-/ssri-12.0.0.tgz. Extracting by manifest.
639 silly tarball no local data for @npmcli/fs@https://registry.npmjs.org/@npmcli/fs/-/fs-4.0.0.tgz. Extracting by manifest.
640 silly tarball no local data for promise-retry@https://registry.npmjs.org/promise-retry/-/promise-retry-2.0.1.tgz. Extracting by manifest.
641 silly tarball no local data for minipass-pipeline@https://registry.npmjs.org/minipass-pipeline/-/minipass-pipeline-1.2.4.tgz. Extracting by manifest.
642 silly tarball no local data for http-proxy-agent@https://registry.npmjs.org/http-proxy-agent/-/http-proxy-agent-7.0.2.tgz. Extracting by manifest.
643 silly tarball no local data for negotiator@https://registry.npmjs.org/negotiator/-/negotiator-1.0.0.tgz. Extracting by manifest.
644 silly tarball no local data for minipass-fetch@https://registry.npmjs.org/minipass-fetch/-/minipass-fetch-4.0.1.tgz. Extracting by manifest.
645 silly tarball no local data for http-cache-semantics@https://registry.npmjs.org/http-cache-semantics/-/http-cache-semantics-4.2.0.tgz. Extracting by manifest.
646 silly tarball no local data for minipass-flush@https://registry.npmjs.org/minipass-flush/-/minipass-flush-1.0.5.tgz. Extracting by manifest.
647 silly tarball no local data for minipass@https://registry.npmjs.org/minipass/-/minipass-3.3.6.tgz. Extracting by manifest.
648 silly tarball no local data for minipass@https://registry.npmjs.org/minipass/-/minipass-3.3.6.tgz. Extracting by manifest.
649 silly tarball no local data for minipass@https://registry.npmjs.org/minipass/-/minipass-7.1.2.tgz. Extracting by manifest.
650 silly tarball no local data for which@https://registry.npmjs.org/which/-/which-5.0.0.tgz. Extracting by manifest.
651 silly tarball no local data for tar@https://registry.npmjs.org/tar/-/tar-7.4.3.tgz. Extracting by manifest.
652 silly tarball no local data for cacache@https://registry.npmjs.org/cacache/-/cacache-19.0.1.tgz. Extracting by manifest.
653 silly tarball no local data for @npmcli/agent@https://registry.npmjs.org/@npmcli/agent/-/agent-3.0.0.tgz. Extracting by manifest.
654 silly tarball no local data for exponential-backoff@https://registry.npmjs.org/exponential-backoff/-/exponential-backoff-3.1.2.tgz. Extracting by manifest.
655 silly tarball no local data for nopt@https://registry.npmjs.org/nopt/-/nopt-8.1.0.tgz. Extracting by manifest.
656 silly tarball no local data for make-fetch-happen@https://registry.npmjs.org/make-fetch-happen/-/make-fetch-happen-14.0.3.tgz. Extracting by manifest.
657 silly tarball no local data for proc-log@https://registry.npmjs.org/proc-log/-/proc-log-5.0.0.tgz. Extracting by manifest.
658 http fetch GET 200 https://registry.npmjs.org/unique-slug/-/unique-slug-5.0.0.tgz 270ms (cache miss)
659 http fetch GET 200 https://registry.npmjs.org/yallist/-/yallist-5.0.0.tgz 270ms (cache miss)
660 http fetch GET 200 https://registry.npmjs.org/isexe/-/isexe-3.1.1.tgz 418ms (cache miss)
661 http fetch GET 200 https://registry.npmjs.org/chownr/-/chownr-3.0.0.tgz 560ms (cache miss)
662 http fetch GET 200 https://registry.npmjs.org/@isaacs/fs-minipass/-/fs-minipass-4.0.1.tgz 896ms (cache miss)
663 http fetch GET 200 https://registry.npmjs.org/abbrev/-/abbrev-3.0.1.tgz 1110ms (cache miss)
664 http fetch GET 200 https://registry.npmjs.org/minipass-sized/-/minipass-sized-1.0.3.tgz 1307ms (cache miss)
665 http fetch GET 200 https://registry.npmjs.org/retry/-/retry-0.12.0.tgz 1539ms (cache miss)
666 http fetch GET 200 https://registry.npmjs.org/wrap-ansi/-/wrap-ansi-8.1.0.tgz 1583ms (cache miss)
667 http fetch GET 200 https://registry.npmjs.org/encoding/-/encoding-0.1.13.tgz 1585ms (cache miss)
668 http fetch GET 200 https://registry.npmjs.org/minizlib/-/minizlib-3.0.2.tgz 1599ms (cache miss)
669 http fetch GET 200 https://registry.npmjs.org/node-gyp/-/node-gyp-11.2.0.tgz 1696ms (cache miss)
670 http fetch GET 200 https://registry.npmjs.org/mkdirp/-/mkdirp-3.0.1.tgz 1715ms (cache miss)
671 http fetch GET 200 https://registry.npmjs.org/string-width/-/string-width-5.1.2.tgz 1740ms (cache miss)
672 http fetch GET 200 https://registry.npmjs.org/eastasianwidth/-/eastasianwidth-0.2.0.tgz 1774ms (cache miss)
673 http fetch GET 200 https://registry.npmjs.org/minipass/-/minipass-3.3.6.tgz 1793ms (cache miss)
674 http fetch GET 200 https://registry.npmjs.org/sprintf-js/-/sprintf-js-1.1.3.tgz 1808ms (cache miss)
675 http fetch GET 200 https://registry.npmjs.org/signal-exit/-/signal-exit-4.1.0.tgz 1800ms (cache miss)
676 http fetch GET 200 https://registry.npmjs.org/emoji-regex/-/emoji-regex-9.2.2.tgz 1819ms (cache miss)
677 http fetch GET 200 https://registry.npmjs.org/path-scurry/-/path-scurry-1.11.1.tgz 1876ms (cache miss)
678 http fetch GET 200 https://registry.npmjs.org/@isaacs/cliui/-/cliui-8.0.2.tgz 2116ms (cache miss)
679 http fetch GET 200 https://registry.npmjs.org/package-json-from-dist/-/package-json-from-dist-1.0.1.tgz 2113ms (cache miss)
680 http fetch GET 200 https://registry.npmjs.org/unique-filename/-/unique-filename-4.0.0.tgz 2114ms (cache miss)
681 http fetch GET 200 https://registry.npmjs.org/p-map/-/p-map-7.0.3.tgz 2120ms (cache miss)
682 http fetch GET 200 https://registry.npmjs.org/jackspeak/-/jackspeak-3.4.3.tgz 2124ms (cache miss)
683 http fetch GET 200 https://registry.npmjs.org/foreground-child/-/foreground-child-3.3.1.tgz 2202ms (cache miss)
684 http fetch GET 200 https://registry.npmjs.org/@pkgjs/parseargs/-/parseargs-0.11.0.tgz 2220ms (cache miss)
685 http fetch GET 200 https://registry.npmjs.org/socks-proxy-agent/-/socks-proxy-agent-8.0.5.tgz 2294ms (cache miss)
686 http fetch GET 200 https://registry.npmjs.org/minipass-collect/-/minipass-collect-2.0.1.tgz 2294ms (cache miss)
687 http fetch GET 200 https://registry.npmjs.org/fs-minipass/-/fs-minipass-3.0.3.tgz 2293ms (cache miss)
688 http fetch GET 200 https://registry.npmjs.org/ssri/-/ssri-12.0.0.tgz 2457ms (cache miss)
689 http fetch GET 200 https://registry.npmjs.org/promise-retry/-/promise-retry-2.0.1.tgz 2626ms (cache miss)
690 http fetch GET 200 https://registry.npmjs.org/err-code/-/err-code-2.0.3.tgz 2646ms (cache miss)
691 http fetch GET 200 https://registry.npmjs.org/jsbn/-/jsbn-1.1.0.tgz 2658ms (cache miss)
692 http fetch GET 200 https://registry.npmjs.org/minipass-fetch/-/minipass-fetch-4.0.1.tgz 2639ms (cache miss)
693 http fetch GET 200 https://registry.npmjs.org/socks/-/socks-2.8.6.tgz 2683ms (cache miss)
694 http fetch GET 200 https://registry.npmjs.org/@npmcli/fs/-/fs-4.0.0.tgz 2690ms (cache miss)
695 http fetch GET 200 https://registry.npmjs.org/minipass-flush/-/minipass-flush-1.0.5.tgz 2760ms (cache miss)
696 http fetch GET 200 https://registry.npmjs.org/http-cache-semantics/-/http-cache-semantics-4.2.0.tgz 2762ms (cache miss)
697 http fetch GET 200 https://registry.npmjs.org/minipass/-/minipass-3.3.6.tgz 2809ms (cache miss)
698 http fetch GET 200 https://registry.npmjs.org/minipass/-/minipass-7.1.2.tgz 2818ms (cache miss)
699 http fetch GET 200 https://registry.npmjs.org/minipass/-/minipass-3.3.6.tgz 2836ms (cache miss)
700 http fetch GET 200 https://registry.npmjs.org/which/-/which-5.0.0.tgz 2836ms (cache miss)
701 http fetch GET 200 https://registry.npmjs.org/cacache/-/cacache-19.0.1.tgz 2923ms (cache miss)
702 http fetch GET 200 https://registry.npmjs.org/exponential-backoff/-/exponential-backoff-3.1.2.tgz 3065ms (cache miss)
703 http fetch GET 200 https://registry.npmjs.org/proc-log/-/proc-log-5.0.0.tgz 3086ms (cache miss)
704 http fetch GET 200 https://registry.npmjs.org/nopt/-/nopt-8.1.0.tgz 3107ms (cache miss)
705 http fetch GET 200 https://registry.npmjs.org/http-proxy-agent/-/http-proxy-agent-7.0.2.tgz 3183ms (cache miss)
706 http fetch GET 200 https://registry.npmjs.org/@npmcli/agent/-/agent-3.0.0.tgz 3190ms (cache miss)
707 http fetch GET 200 https://registry.npmjs.org/make-fetch-happen/-/make-fetch-happen-14.0.3.tgz 3190ms (cache miss)
708 http fetch GET 200 https://registry.npmjs.org/tar/-/tar-7.4.3.tgz 3206ms (cache miss)
709 http fetch GET 200 https://registry.npmjs.org/iconv-lite/-/iconv-lite-0.6.3.tgz 3262ms (cache miss)
710 http fetch GET 200 https://registry.npmjs.org/glob/-/glob-10.4.5.tgz 3369ms (cache miss)
711 http fetch GET 200 https://registry.npmjs.org/negotiator/-/negotiator-1.0.0.tgz 3406ms (cache miss)
712 http fetch GET 200 https://registry.npmjs.org/minipass-pipeline/-/minipass-pipeline-1.2.4.tgz 3769ms (cache miss)
713 http fetch GET 200 https://registry.npmjs.org/smart-buffer/-/smart-buffer-4.2.0.tgz 3911ms (cache miss)
714 http fetch GET 200 https://registry.npmjs.org/minimatch/-/minimatch-9.0.5.tgz 4088ms (cache miss)
715 http fetch GET 200 https://registry.npmjs.org/ip-address/-/ip-address-9.0.5.tgz 4264ms (cache miss)
716 http fetch GET 200 https://registry.npmjs.org/lru-cache/-/lru-cache-10.4.3.tgz 5421ms (cache miss)
717 silly ADD node_modules/node-gyp
718 silly ADD node_modules/node-gyp/node_modules/color-name
719 silly ADD node_modules/node-gyp/node_modules/color-convert
720 silly ADD node_modules/node-gyp/node_modules/ansi-styles
721 silly ADD node_modules/node-gyp/node_modules/isexe
722 silly ADD node_modules/node-gyp/node_modules/imurmurhash
723 silly ADD node_modules/node-gyp/node_modules/unique-slug
724 silly ADD node_modules/node-gyp/node_modules/picomatch
725 silly ADD node_modules/node-gyp/node_modules/fdir
726 silly ADD node_modules/node-gyp/node_modules/yallist
727 silly ADD node_modules/node-gyp/node_modules/mkdirp
728 silly ADD node_modules/node-gyp/node_modules/chownr
729 silly ADD node_modules/node-gyp/node_modules/@isaacs/fs-minipass
730 silly ADD node_modules/node-gyp/node_modules/ansi-regex
731 silly ADD node_modules/node-gyp/node_modules/is-fullwidth-code-point
732 silly ADD node_modules/node-gyp/node_modules/emoji-regex
733 silly ADD node_modules/node-gyp/node_modules/eastasianwidth
734 silly ADD node_modules/node-gyp/node_modules/sprintf-js
735 silly ADD node_modules/node-gyp/node_modules/jsbn
736 silly ADD node_modules/node-gyp/node_modules/smart-buffer
737 silly ADD node_modules/node-gyp/node_modules/ip-address
738 silly ADD node_modules/node-gyp/node_modules/socks
739 silly ADD node_modules/node-gyp/node_modules/shebang-regex
740 silly ADD node_modules/node-gyp/node_modules/retry
741 silly ADD node_modules/node-gyp/node_modules/err-code
742 silly ADD node_modules/node-gyp/node_modules/abbrev
743 silly ADD node_modules/node-gyp/node_modules/safer-buffer
744 silly ADD node_modules/node-gyp/node_modules/iconv-lite
745 silly ADD node_modules/node-gyp/node_modules/minizlib
746 silly ADD node_modules/node-gyp/node_modules/minipass-sized
747 silly ADD node_modules/node-gyp/node_modules/minipass-sized/node_modules/yallist
748 silly ADD node_modules/node-gyp/node_modules/minipass-sized/node_modules/minipass
749 silly ADD node_modules/node-gyp/node_modules/encoding
750 silly ADD node_modules/node-gyp/node_modules/balanced-match
751 silly ADD node_modules/node-gyp/node_modules/brace-expansion
752 silly ADD node_modules/node-gyp/node_modules/wrap-ansi-cjs
753 silly ADD node_modules/node-gyp/node_modules/wrap-ansi-cjs/node_modules/ansi-regex
754 silly ADD node_modules/node-gyp/node_modules/wrap-ansi-cjs/node_modules/emoji-regex
755 silly ADD node_modules/node-gyp/node_modules/wrap-ansi-cjs/node_modules/strip-ansi
756 silly ADD node_modules/node-gyp/node_modules/wrap-ansi-cjs/node_modules/string-width
757 silly ADD node_modules/node-gyp/node_modules/wrap-ansi-cjs/node_modules/ansi-styles
758 silly ADD node_modules/node-gyp/node_modules/wrap-ansi
759 silly ADD node_modules/node-gyp/node_modules/strip-ansi-cjs
760 silly ADD node_modules/node-gyp/node_modules/strip-ansi-cjs/node_modules/ansi-regex
761 silly ADD node_modules/node-gyp/node_modules/strip-ansi
762 silly ADD node_modules/node-gyp/node_modules/string-width-cjs
763 silly ADD node_modules/node-gyp/node_modules/string-width-cjs/node_modules/ansi-regex
764 silly ADD node_modules/node-gyp/node_modules/string-width-cjs/node_modules/strip-ansi
765 silly ADD node_modules/node-gyp/node_modules/string-width-cjs/node_modules/emoji-regex
766 silly ADD node_modules/node-gyp/node_modules/string-width
767 silly ADD node_modules/node-gyp/node_modules/@pkgjs/parseargs
768 silly ADD node_modules/node-gyp/node_modules/@isaacs/cliui
769 silly ADD node_modules/node-gyp/node_modules/ms
770 silly ADD node_modules/node-gyp/node_modules/debug
771 silly ADD node_modules/node-gyp/node_modules/shebang-command
772 silly ADD node_modules/node-gyp/node_modules/path-key
773 silly ADD node_modules/node-gyp/node_modules/signal-exit
774 silly ADD node_modules/node-gyp/node_modules/cross-spawn
775 silly ADD node_modules/node-gyp/node_modules/cross-spawn/node_modules/isexe
776 silly ADD node_modules/node-gyp/node_modules/cross-spawn/node_modules/which
777 silly ADD node_modules/node-gyp/node_modules/path-scurry
778 silly ADD node_modules/node-gyp/node_modules/package-json-from-dist
779 silly ADD node_modules/node-gyp/node_modules/minimatch
780 silly ADD node_modules/node-gyp/node_modules/jackspeak
781 silly ADD node_modules/node-gyp/node_modules/foreground-child
782 silly ADD node_modules/node-gyp/node_modules/unique-filename
783 silly ADD node_modules/node-gyp/node_modules/p-map
784 silly ADD node_modules/node-gyp/node_modules/minipass-collect
785 silly ADD node_modules/node-gyp/node_modules/glob
786 silly ADD node_modules/node-gyp/node_modules/fs-minipass
787 silly ADD node_modules/node-gyp/node_modules/@npmcli/fs
788 silly ADD node_modules/node-gyp/node_modules/socks-proxy-agent
789 silly ADD node_modules/node-gyp/node_modules/lru-cache
790 silly ADD node_modules/node-gyp/node_modules/https-proxy-agent
791 silly ADD node_modules/node-gyp/node_modules/http-proxy-agent
792 silly ADD node_modules/node-gyp/node_modules/agent-base
793 silly ADD node_modules/node-gyp/node_modules/ssri
794 silly ADD node_modules/node-gyp/node_modules/promise-retry
795 silly ADD node_modules/node-gyp/node_modules/negotiator
796 silly ADD node_modules/node-gyp/node_modules/minipass-pipeline
797 silly ADD node_modules/node-gyp/node_modules/minipass-pipeline/node_modules/yallist
798 silly ADD node_modules/node-gyp/node_modules/minipass-pipeline/node_modules/minipass
799 silly ADD node_modules/node-gyp/node_modules/minipass-flush
800 silly ADD node_modules/node-gyp/node_modules/minipass-flush/node_modules/yallist
801 silly ADD node_modules/node-gyp/node_modules/minipass-flush/node_modules/minipass
802 silly ADD node_modules/node-gyp/node_modules/minipass-fetch
803 silly ADD node_modules/node-gyp/node_modules/minipass
804 silly ADD node_modules/node-gyp/node_modules/http-cache-semantics
805 silly ADD node_modules/node-gyp/node_modules/cacache
806 silly ADD node_modules/node-gyp/node_modules/@npmcli/agent
807 silly ADD node_modules/node-gyp/node_modules/which
808 silly ADD node_modules/node-gyp/node_modules/tinyglobby
809 silly ADD node_modules/node-gyp/node_modules/tar
810 silly ADD node_modules/node-gyp/node_modules/semver
811 silly ADD node_modules/node-gyp/node_modules/proc-log
812 silly ADD node_modules/node-gyp/node_modules/nopt
813 silly ADD node_modules/node-gyp/node_modules/make-fetch-happen
814 silly ADD node_modules/node-gyp/node_modules/graceful-fs
815 silly ADD node_modules/node-gyp/node_modules/exponential-backoff
816 silly ADD node_modules/node-gyp/node_modules/env-paths
817 verbose cwd /data/data/com.termux/files/home/packages
818 verbose os Linux 5.10.226-android12-9-00047-g4968e29b7f92-ab12786767
819 verbose node v24.4.1
820 verbose npm  v11.4.2
821 verbose exit 0
822 info ok
