0 verbose cli /apex/com.android.runtime/bin/linker64 /data/data/com.termux/files/usr/lib/node_modules/npm/bin/npm-cli.js
1 info using npm@11.4.2
2 info using node@v24.4.1
3 silly config load:file:/data/data/com.termux/files/usr/lib/node_modules/npm/npmrc
4 silly config load:file:/data/data/com.termux/files/home/.npmrc
5 warn Unknown user config "HEAD". This will stop working in the next major version of npm.
6 warn Unknown user config "b52c5e01b (Push all project files to main)". This will stop working in the next major version of npm.
7 silly config load:file:/data/data/com.termux/files/usr/etc/npmrc
8 verbose title npm exec hardhat run scripts/deploy.js --network localhost
9 verbose argv "exec" "--" "hardhat" "run" "scripts/deploy.js" "--network" "localhost"
10 verbose logfile logs-max:10 dir:/data/data/com.termux/files/home/.npm/_logs/2025-07-22T01_50_58_637Z-
11 verbose logfile /data/data/com.termux/files/home/.npm/_logs/2025-07-22T01_50_58_637Z-debug-0.log
12 silly logfile start cleaning logs, removing 1 files
13 silly logfile done cleaning log files
14 verbose cwd /data/data/com.termux/files/home
15 verbose os Linux 5.10.226-android12-9-00047-g4968e29b7f92-ab12786767
16 verbose node v24.4.1
17 verbose npm  v11.4.2
18 verbose exit 1
19 verbose code 1
